[2024-02-29 12:36:48] merlin-logger.DEBUG: The welcome step has been displayed [] []
[2024-02-29 12:36:51] merlin-logger.DEBUG: The license activation step has been displayed [] []
[2024-02-29 12:36:54] merlin-logger.DEBUG: The plugin installation step has been displayed [] []
[2024-02-29 12:36:55] merlin-logger.DEBUG: A plugin with the following data will be processed {"plugin_slug":"contact-form-7","message":"Installing"} []
[2024-02-29 12:37:02] merlin-logger.DEBUG: A plugin with the following data was processed {"plugin_slug":"contact-form-7"} []
[2024-02-29 12:37:02] merlin-logger.DEBUG: A plugin with the following data will be processed {"plugin_slug":"elementor","message":"Installing"} []
[2024-02-29 12:37:13] merlin-logger.DEBUG: A plugin with the following data was processed {"plugin_slug":"elementor"} []
[2024-02-29 12:37:13] merlin-logger.DEBUG: A plugin with the following data will be processed {"plugin_slug":"mailchimp-for-wp","message":"Installing"} []
[2024-02-29 12:37:23] merlin-logger.DEBUG: A plugin with the following data was processed {"plugin_slug":"mailchimp-for-wp"} []
[2024-02-29 12:37:23] merlin-logger.DEBUG: A plugin with the following data will be processed {"plugin_slug":"pxltheme-core","message":"Installing"} []
[2024-02-29 12:37:28] merlin-logger.DEBUG: A plugin with the following data was processed {"plugin_slug":"pxltheme-core"} []
[2024-02-29 12:37:29] merlin-logger.DEBUG: A plugin with the following data will be processed {"plugin_slug":"redux-framework","message":"Installing"} []
[2024-02-29 12:37:38] merlin-logger.DEBUG: A plugin with the following data was processed {"plugin_slug":"redux-framework"} []
[2024-02-29 12:37:38] merlin-logger.DEBUG: A plugin with the following data will be processed {"plugin_slug":"revslider","message":"Installing"} []
[2024-02-29 12:37:57] merlin-logger.DEBUG: A plugin with the following data was processed {"plugin_slug":"revslider"} []
[2024-02-29 12:37:58] merlin-logger.DEBUG: A plugin with the following data was processed {"plugin_slug":"revslider"} []
[2024-02-29 12:37:59] merlin-logger.DEBUG: A plugin with the following data will be processed {"plugin_slug":"woocommerce","message":"Installing"} []
[2024-02-29 12:38:14] merlin-logger.DEBUG: A plugin with the following data was processed {"plugin_slug":"woocommerce"} []
[2024-02-29 12:38:20] merlin-logger.DEBUG: The content import step has been displayed [] []
[2024-02-29 12:38:25] merlin-logger.DEBUG: The final step has been displayed [] []
